# JRE version: Java(TM) SE Runtime Environment (8.0_66-b18) (build 1.8.0_66-b18)
# Java VM: Java HotSpot(TM) 64-Bit Server VM (25.66-b18 mixed mode windows-amd64 compressed oops)
Heap:
 PSYoungGen      total 56832K, used 40038K [0x00000007bc400000, 0x00000007c0000000, 0x00000007c0000000)
  eden space 52224K, 71% used [0x00000007bc400000,0x00000007be87c288,0x00000007bf700000)
  from space 4608K, 58% used [0x00000007bfb80000,0x00000007bfe1d5b8,0x00000007c0000000)
  to   space 4608K, 0% used [0x00000007bf700000,0x00000007bf700000,0x00000007bfb80000)
 ParOldGen       total 157184K, used 44930K [0x0000000700000000, 0x0000000709980000, 0x00000007bc400000)
  object space 157184K, 28% used [0x0000000700000000,0x0000000702be0920,0x0000000709980000)
 Metaspace       used 61847K, capacity 62280K, committed 62680K, reserved 1103872K
  class space    used 8581K, capacity 8704K, committed 8704K, reserved 1048576K
GC Heap History (10 events):
Event: 2737.873 GC heap before
{Heap before GC invocations=78 (full 16):
 PSYoungGen      total 56320K, used 53868K [0x00000007bc400000, 0x00000007c0000000, 0x00000007c0000000)
  eden space 51712K, 100% used [0x00000007bc400000,0x00000007bf680000,0x00000007bf680000)
  from space 4608K, 46% used [0x00000007bf680000,0x00000007bf89b200,0x00000007bfb00000)
  to   space 4608K, 0% used [0x00000007bfb80000,0x00000007bfb80000,0x00000007c0000000)
 ParOldGen       total 157184K, used 44914K [0x0000000700000000, 0x0000000709980000, 0x00000007bc400000)
  object space 157184K, 28% used [0x0000000700000000,0x0000000702bdc920,0x0000000709980000)
 Metaspace       used 61562K, capacity 61986K, committed 62424K, reserved 1103872K
  class space    used 8563K, capacity 8671K, committed 8704K, reserved 1048576K
Event: 2737.878 GC heap after
Heap after GC invocations=78 (full 16):
 PSYoungGen      total 56832K, used 2227K [0x00000007bc400000, 0x00000007c0000000, 0x00000007c0000000)
  eden space 52224K, 0% used [0x00000007bc400000,0x00000007bc400000,0x00000007bf700000)
  from space 4608K, 48% used [0x00000007bfb80000,0x00000007bfdacd10,0x00000007c0000000)
  to   space 4608K, 0% used [0x00000007bf700000,0x00000007bf700000,0x00000007bfb80000)
 ParOldGen       total 157184K, used 44914K [0x0000000700000000, 0x0000000709980000, 0x00000007bc400000)
  object space 157184K, 28% used [0x0000000700000000,0x0000000702bdc920,0x0000000709980000)
 Metaspace       used 61562K, capacity 61986K, committed 62424K, reserved 1103872K
  class space    used 8563K, capacity 8671K, committed 8704K, reserved 1048576K
}
Event: 2796.240 GC heap before
{Heap before GC invocations=79 (full 16):
 PSYoungGen      total 56832K, used 54451K [0x00000007bc400000, 0x00000007c0000000, 0x00000007c0000000)
  eden space 52224K, 100% used [0x00000007bc400000,0x00000007bf700000,0x00000007bf700000)
  from space 4608K, 48% used [0x00000007bfb80000,0x00000007bfdacd10,0x00000007c0000000)
  to   space 4608K, 0% used [0x00000007bf700000,0x00000007bf700000,0x00000007bfb80000)
 ParOldGen       total 157184K, used 44914K [0x0000000700000000, 0x0000000709980000, 0x00000007bc400000)
  object space 157184K, 28% used [0x0000000700000000,0x0000000702bdc920,0x0000000709980000)
 Metaspace       used 61610K, capacity 62018K, committed 62424K, reserved 1103872K
  class space    used 8565K, capacity 8703K, committed 8704K, reserved 1048576K
Event: 2796.245 GC heap after
Heap after GC invocations=79 (full 16):
 PSYoungGen      total 56832K, used 2116K [0x00000007bc400000, 0x00000007c0000000, 0x00000007c0000000)
  eden space 52224K, 0% used [0x00000007bc400000,0x00000007bc400000,0x00000007bf700000)
  from space 4608K, 45% used [0x00000007bf700000,0x00000007bf911098,0x00000007bfb80000)
  to   space 4608K, 0% used [0x00000007bfb80000,0x00000007bfb80000,0x00000007c0000000)
 ParOldGen       total 157184K, used 44914K [0x0000000700000000, 0x0000000709980000, 0x00000007bc400000)
  object space 157184K, 28% used [0x0000000700000000,0x0000000702bdc920,0x0000000709980000)
 Metaspace       used 61610K, capacity 62018K, committed 62424K, reserved 1103872K
  class space    used 8565K, capacity 8703K, committed 8704K, reserved 1048576K
}
Event: 2807.581 GC heap before
{Heap before GC invocations=80 (full 16):
 PSYoungGen      total 56832K, used 54340K [0x00000007bc400000, 0x00000007c0000000, 0x00000007c0000000)
  eden space 52224K, 100% used [0x00000007bc400000,0x00000007bf700000,0x00000007bf700000)
  from space 4608K, 45% used [0x00000007bf700000,0x00000007bf911098,0x00000007bfb80000)
  to   space 4608K, 0% used [0x00000007bfb80000,0x00000007bfb80000,0x00000007c0000000)
 ParOldGen       total 157184K, used 44914K [0x0000000700000000, 0x0000000709980000, 0x00000007bc400000)
  object space 157184K, 28% used [0x0000000700000000,0x0000000702bdc920,0x0000000709980000)
 Metaspace       used 61778K, capacity 62210K, committed 62680K, reserved 1103872K
  class space    used 8579K, capacity 8703K, committed 8704K, reserved 1048576K
Event: 2807.594 GC heap after
Heap after GC invocations=80 (full 16):
 PSYoungGen      total 56832K, used 2576K [0x00000007bc400000, 0x00000007c0000000, 0x00000007c0000000)
  eden space 52224K, 0% used [0x00000007bc400000,0x00000007bc400000,0x00000007bf700000)
  from space 4608K, 55% used [0x00000007bfb80000,0x00000007bfe042b8,0x00000007c0000000)
  to   space 4608K, 0% used [0x00000007bf700000,0x00000007bf700000,0x00000007bfb80000)
 ParOldGen       total 157184K, used 44922K [0x0000000700000000, 0x0000000709980000, 0x00000007bc400000)
  object space 157184K, 28% used [0x0000000700000000,0x0000000702bde920,0x0000000709980000)
 Metaspace       used 61778K, capacity 62210K, committed 62680K, reserved 1103872K
  class space    used 8579K, capacity 8703K, committed 8704K, reserved 1048576K
}
Event: 2815.745 GC heap before
{Heap before GC invocations=81 (full 16):
 PSYoungGen      total 56832K, used 54800K [0x00000007bc400000, 0x00000007c0000000, 0x00000007c0000000)
  eden space 52224K, 100% used [0x00000007bc400000,0x00000007bf700000,0x00000007bf700000)
  from space 4608K, 55% used [0x00000007bfb80000,0x00000007bfe042b8,0x00000007c0000000)
  to   space 4608K, 0% used [0x00000007bf700000,0x00000007bf700000,0x00000007bfb80000)
 ParOldGen       total 157184K, used 44922K [0x0000000700000000, 0x0000000709980000, 0x00000007bc400000)
  object space 157184K, 28% used [0x0000000700000000,0x0000000702bde920,0x0000000709980000)
 Metaspace       used 61801K, capacity 62274K, committed 62680K, reserved 1103872K
  class space    used 8579K, capacity 8703K, committed 8704K, reserved 1048576K
Event: 2815.750 GC heap after
Heap after GC invocations=81 (full 16):
 PSYoungGen      total 56832K, used 2899K [0x00000007bc400000, 0x00000007c0000000, 0x00000007c0000000)
  eden space 52224K, 0% used [0x00000007bc400000,0x00000007bc400000,0x00000007bf700000)
  from space 4608K, 62% used [0x00000007bf700000,0x00000007bf9d4ef8,0x00000007bfb80000)
  to   space 4608K, 0% used [0x00000007bfb80000,0x00000007bfb80000,0x00000007c0000000)
 ParOldGen       total 157184K, used 44930K [0x0000000700000000, 0x0000000709980000, 0x00000007bc400000)
  object space 157184K, 28% used [0x0000000700000000,0x0000000702be0920,0x0000000709980000)
 Metaspace       used 61801K, capacity 62274K, committed 62680K, reserved 1103872K
  class space    used 8579K, capacity 8703K, committed 8704K, reserved 1048576K
}
Event: 2818.153 GC heap before
{Heap before GC invocations=82 (full 16):
 PSYoungGen      total 56832K, used 55123K [0x00000007bc400000, 0x00000007c0000000, 0x00000007c0000000)
  eden space 52224K, 100% used [0x00000007bc400000,0x00000007bf700000,0x00000007bf700000)
  from space 4608K, 62% used [0x00000007bf700000,0x00000007bf9d4ef8,0x00000007bfb80000)
  to   space 4608K, 0% used [0x00000007bfb80000,0x00000007bfb80000,0x00000007c0000000)
 ParOldGen       total 157184K, used 44930K [0x0000000700000000, 0x0000000709980000, 0x00000007bc400000)
  object space 157184K, 28% used [0x0000000700000000,0x0000000702be0920,0x0000000709980000)
 Metaspace       used 61810K, capacity 62274K, committed 62680K, reserved 1103872K
  class space    used 8579K, capacity 8703K, committed 8704K, reserved 1048576K
Event: 2818.160 GC heap after
Heap after GC invocations=82 (full 16):
 PSYoungGen      total 56832K, used 2677K [0x00000007bc400000, 0x00000007c0000000, 0x00000007c0000000)
  eden space 52224K, 0% used [0x00000007bc400000,0x00000007bc400000,0x00000007bf700000)
  from space 4608K, 58% used [0x00000007bfb80000,0x00000007bfe1d5b8,0x00000007c0000000)
  to   space 4608K, 0% used [0x00000007bf700000,0x00000007bf700000,0x00000007bfb80000)
 ParOldGen       total 157184K, used 44930K [0x0000000700000000, 0x0000000709980000, 0x00000007bc400000)
  object space 157184K, 28% used [0x0000000700000000,0x0000000702be0920,0x0000000709980000)
 Metaspace       used 61810K, capacity 62274K, committed 62680K, reserved 1103872K
  class space    used 8579K, capacity 8703K, committed 8704K, reserved 1048576K
}

